#
# There is insufficient memory for the Java Runtime Environment to continue.
# Native memory allocation (malloc) failed to allocate 1180656 bytes. Error detail: Chunk::new
# Possible reasons:
#   The system is out of physical RAM or swap space
#   This process is running with CompressedOops enabled, and the Java Heap may be blocking the growth of the native heap
# Possible solutions:
#   Reduce memory load on the system
#   Increase physical memory or swap space
#   Check if swap backing store is full
#   Decrease Java heap size (-Xmx/-Xms)
#   Decrease number of Java threads
#   Decrease Java thread stack sizes (-Xss)
#   Set larger code cache with -XX:ReservedCodeCacheSize=
#   JVM is running with Unscaled Compressed Oops mode in which the Java heap is
#     placed in the first 4GB address space. The Java Heap base address is the
#     maximum limit for the native heap growth. Please use -XX:HeapBaseMinAddress
#     to set the Java Heap base and to place the Java Heap above 4GB virtual address.
# This output file may be truncated or incomplete.
#
#  Out of Memory Error (arena.cpp:168), pid=21716, tid=42892
#
# JRE version: OpenJDK Runtime Environment Temurin-21.0.9+10 (21.0.9+10) (build 21.0.9+10-LTS)
# Java VM: OpenJDK 64-Bit Server VM Temurin-21.0.9+10 (21.0.9+10-LTS, mixed mode, sharing, tiered, compressed oops, compressed class ptrs, parallel gc, windows-amd64)
# No core dump will be written. Minidumps are not enabled by default on client versions of Windows
#

---------------  S U M M A R Y ------------

Command Line: --add-modules=ALL-SYSTEM --add-opens=java.base/java.util=ALL-UNNAMED --add-opens=java.base/java.lang=ALL-UNNAMED --add-opens=java.base/sun.nio.fs=ALL-UNNAMED -Declipse.application=org.eclipse.jdt.ls.core.id1 -Dosgi.bundles.defaultStartLevel=4 -Declipse.product=org.eclipse.jdt.ls.core.product -Djava.import.generatesMetadataFilesAtProjectRoot=false -DDetectVMInstallationsJob.disabled=true -Dfile.encoding=utf8 -XX:+UseParallelGC -XX:GCTimeRatio=4 -XX:AdaptiveSizePolicyWeight=90 -Dsun.zip.disableMemoryMapping=true -Xmx2G -Xms100m -Xlog:disable -javaagent:c:\Users\zxcv3\.vscode\extensions\redhat.java-1.51.0-win32-x64\lombok\lombok-1.18.39-4050.jar -XX:+HeapDumpOnOutOfMemoryError -XX:HeapDumpPath=c:\Users\zxcv3\AppData\Roaming\Code\User\workspaceStorage\a99c003feeceb79ed373e5a18fdd18cf\redhat.java -Daether.dependencyCollector.impl=bf c:\Users\zxcv3\.vscode\extensions\redhat.java-1.51.0-win32-x64\server\plugins\org.eclipse.equinox.launcher_1.7.100.v20251111-0406.jar -configuration c:\Users\zxcv3\AppData\Roaming\Code\User\globalStorage\redhat.java\1.51.0\config_win -data c:\Users\zxcv3\AppData\Roaming\Code\User\workspaceStorage\a99c003feeceb79ed373e5a18fdd18cf\redhat.java\jdt_ws --pipe=\\.\pipe\lsp-d415c243a2ff43fa2499494d8665a66b-sock

Host: AMD Ryzen 5 4500U with Radeon Graphics         , 6 cores, 7G,  Windows 11 , 64 bit Build 26100 (10.0.26100.7309)
Time: Sun Jan 11 15:47:49 2026 SE Asia Standard Time elapsed time: 220.807183 seconds (0d 0h 3m 40s)

---------------  T H R E A D  ---------------

Current thread (0x00000296f118b570):  JavaThread "C2 CompilerThread0" daemon [_thread_in_native, id=42892, stack(0x000000fbf8400000,0x000000fbf8500000) (1024K)]


Current CompileTask:
C2:220811 12226       4       org.eclipse.jdt.internal.compiler.parser.Parser::consumeRule (7748 bytes)

Stack: [0x000000fbf8400000,0x000000fbf8500000]
Native frames: (J=compiled Java code, j=interpreted, Vv=VM code, C=native code)
V  [jvm.dll+0x6d6e29]
V  [jvm.dll+0x8b4b76]
V  [jvm.dll+0x8b712e]
V  [jvm.dll+0x8b7813]
V  [jvm.dll+0x283d86]
V  [jvm.dll+0xc66ed]
V  [jvm.dll+0xc6c31]
V  [jvm.dll+0x3be501]
V  [jvm.dll+0x38ab92]
V  [jvm.dll+0x389fda]
V  [jvm.dll+0x24bfa0]
V  [jvm.dll+0x24b580]
V  [jvm.dll+0x1cb13e]
V  [jvm.dll+0x25b29d]
V  [jvm.dll+0x25982a]
V  [jvm.dll+0x3f7ea6]
V  [jvm.dll+0x85e9ad]
V  [jvm.dll+0x6d565d]
C  [ucrtbase.dll+0x37b0]
C  [KERNEL32.DLL+0x2e8d7]
C  [ntdll.dll+0x8c53c]


---------------  P R O C E S S  ---------------

Threads class SMR info:
_java_thread_list=0x00000296fa00c310, length=48, elements={
0x0000029699975d80, 0x0000029699a2b650, 0x0000029699a2e330, 0x00000296f1182ad0,
0x00000296f1183720, 0x00000296f1184370, 0x00000296f1186dd0, 0x00000296f118b570,
0x00000296f11a70a0, 0x00000296f26506b0, 0x00000296f27d6330, 0x00000296f743da30,
0x00000296f785cb00, 0x00000296f76f92e0, 0x00000296f770c0a0, 0x00000296f71e03a0,
0x00000296f8059e90, 0x00000296f7264bb0, 0x00000296f7262ae0, 0x00000296f7263800,
0x00000296f7264520, 0x00000296f8ca94d0, 0x00000296f8ca8e40, 0x00000296f8ca6050,
0x00000296f8ca7a90, 0x00000296f8ca6d70, 0x00000296f8ca87b0, 0x00000296f8ca7400,
0x00000296f8ca9b60, 0x00000296f8ca66e0, 0x00000296f8caa880, 0x00000296f8caa1f0,
0x00000296f8cab5a0, 0x00000296f8ca8120, 0x00000296f8cabc30, 0x00000296f8cac2c0,
0x00000296f8cacfe0, 0x00000296f8cad670, 0x00000296f8bc30f0, 0x00000296f8bc1d40,
0x00000296f8bc2a60, 0x00000296f8bc3780, 0x00000296f8bc1020, 0x00000296f8bc5ee0,
0x00000296f8bc44a0, 0x00000296f8bc7920, 0x00000296f8bc6570, 0x00000296f8bc16b0
}

Java Threads: ( => current thread )
  0x0000029699975d80 JavaThread "main"                              [_thread_blocked, id=8524, stack(0x000000fbf7a00000,0x000000fbf7b00000) (1024K)]
  0x0000029699a2b650 JavaThread "Reference Handler"          daemon [_thread_blocked, id=40672, stack(0x000000fbf7e00000,0x000000fbf7f00000) (1024K)]
  0x0000029699a2e330 JavaThread "Finalizer"                  daemon [_thread_blocked, id=38428, stack(0x000000fbf7f00000,0x000000fbf8000000) (1024K)]
  0x00000296f1182ad0 JavaThread "Signal Dispatcher"          daemon [_thread_blocked, id=42844, stack(0x000000fbf8000000,0x000000fbf8100000) (1024K)]
  0x00000296f1183720 JavaThread "Attach Listener"            daemon [_thread_blocked, id=43948, stack(0x000000fbf8100000,0x000000fbf8200000) (1024K)]
  0x00000296f1184370 JavaThread "Service Thread"             daemon [_thread_blocked, id=42472, stack(0x000000fbf8200000,0x000000fbf8300000) (1024K)]
  0x00000296f1186dd0 JavaThread "Monitor Deflation Thread"   daemon [_thread_blocked, id=40668, stack(0x000000fbf8300000,0x000000fbf8400000) (1024K)]
=>0x00000296f118b570 JavaThread "C2 CompilerThread0"         daemon [_thread_in_native, id=42892, stack(0x000000fbf8400000,0x000000fbf8500000) (1024K)]
  0x00000296f11a70a0 JavaThread "C1 CompilerThread0"         daemon [_thread_blocked, id=6120, stack(0x000000fbf8500000,0x000000fbf8600000) (1024K)]
  0x00000296f26506b0 JavaThread "Common-Cleaner"             daemon [_thread_blocked, id=35776, stack(0x000000fbf8600000,0x000000fbf8700000) (1024K)]
  0x00000296f27d6330 JavaThread "Notification Thread"        daemon [_thread_blocked, id=44480, stack(0x000000fbf8700000,0x000000fbf8800000) (1024K)]
  0x00000296f743da30 JavaThread "Active Thread: Equinox Container: 16371ecc-9eb9-49cc-9641-e0dd962abe1e"        [_thread_blocked, id=9180, stack(0x000000fbf8800000,0x000000fbf8900000) (1024K)]
  0x00000296f785cb00 JavaThread "Refresh Thread: Equinox Container: 16371ecc-9eb9-49cc-9641-e0dd962abe1e" daemon [_thread_blocked, id=39708, stack(0x000000fbf8e00000,0x000000fbf8f00000) (1024K)]
  0x00000296f76f92e0 JavaThread "Framework Event Dispatcher: Equinox Container: 16371ecc-9eb9-49cc-9641-e0dd962abe1e" daemon [_thread_blocked, id=41524, stack(0x000000fbf8f00000,0x000000fbf9000000) (1024K)]
  0x00000296f770c0a0 JavaThread "Start Level: Equinox Container: 16371ecc-9eb9-49cc-9641-e0dd962abe1e" daemon [_thread_blocked, id=8180, stack(0x000000fbf9000000,0x000000fbf9100000) (1024K)]
  0x00000296f71e03a0 JavaThread "Bundle File Closer"         daemon [_thread_blocked, id=44396, stack(0x000000fbf9100000,0x000000fbf9200000) (1024K)]
  0x00000296f8059e90 JavaThread "SCR Component Actor"        daemon [_thread_blocked, id=21548, stack(0x000000fbf9200000,0x000000fbf9300000) (1024K)]
  0x00000296f7264bb0 JavaThread "Worker-JM"                         [_thread_blocked, id=37140, stack(0x000000fbf9300000,0x000000fbf9400000) (1024K)]
  0x00000296f7262ae0 JavaThread "JNA Cleaner"                daemon [_thread_blocked, id=37232, stack(0x000000fbf9400000,0x000000fbf9500000) (1024K)]
  0x00000296f7263800 JavaThread "Worker-2"                          [_thread_blocked, id=44068, stack(0x000000fbf9700000,0x000000fbf9800000) (1024K)]
  0x00000296f7264520 JavaThread "Worker-3"                          [_thread_blocked, id=44368, stack(0x000000fbf7800000,0x000000fbf7900000) (1024K)]
  0x00000296f8ca94d0 JavaThread "Java indexing"              daemon [_thread_blocked, id=37108, stack(0x000000fbf9800000,0x000000fbf9900000) (1024K)]
  0x00000296f8ca8e40 JavaThread "Worker-4"                          [_thread_blocked, id=35176, stack(0x000000fbf9b00000,0x000000fbf9c00000) (1024K)]
  0x00000296f8ca6050 JavaThread "Worker-5: Initialize workspace"        [_thread_blocked, id=19212, stack(0x000000fbf9c00000,0x000000fbf9d00000) (1024K)]
  0x00000296f8ca7a90 JavaThread "Thread-1"                   daemon [_thread_in_native, id=38304, stack(0x000000fbf9d00000,0x000000fbf9e00000) (1024K)]
  0x00000296f8ca6d70 JavaThread "Thread-2"                   daemon [_thread_in_native, id=35980, stack(0x000000fbf9e00000,0x000000fbf9f00000) (1024K)]
  0x00000296f8ca87b0 JavaThread "Thread-3"                   daemon [_thread_in_native, id=44180, stack(0x000000fbf9f00000,0x000000fbfa000000) (1024K)]
  0x00000296f8ca7400 JavaThread "Thread-4"                   daemon [_thread_in_native, id=25888, stack(0x000000fbfa000000,0x000000fbfa100000) (1024K)]
  0x00000296f8ca9b60 JavaThread "Thread-5"                   daemon [_thread_in_native, id=45628, stack(0x000000fbfa100000,0x000000fbfa200000) (1024K)]
  0x00000296f8ca66e0 JavaThread "Thread-6"                   daemon [_thread_in_native, id=45632, stack(0x000000fbfa200000,0x000000fbfa300000) (1024K)]
  0x00000296f8caa880 JavaThread "Thread-7"                   daemon [_thread_in_native, id=45352, stack(0x000000fbfa300000,0x000000fbfa400000) (1024K)]
  0x00000296f8caa1f0 JavaThread "pool-2-thread-1"                   [_thread_blocked, id=25868, stack(0x000000fbfa400000,0x000000fbfa500000) (1024K)]
  0x00000296f8cab5a0 JavaThread "WorkspaceEventsHandler"            [_thread_blocked, id=45340, stack(0x000000fbfa600000,0x000000fbfa700000) (1024K)]
  0x00000296f8ca8120 JavaThread "pool-1-thread-1"                   [_thread_in_native, id=42828, stack(0x000000fbfa700000,0x000000fbfa800000) (1024K)]
  0x00000296f8cabc30 JavaThread "LocalFile Deleter"          daemon [_thread_blocked, id=31012, stack(0x000000fbfa800000,0x000000fbfa900000) (1024K)]
  0x00000296f8cac2c0 JavaThread "LocalFile Deleter"          daemon [_thread_blocked, id=11660, stack(0x000000fbfa900000,0x000000fbfaa00000) (1024K)]
  0x00000296f8cacfe0 JavaThread "LocalFile Deleter"          daemon [_thread_blocked, id=9052, stack(0x000000fbfaa00000,0x000000fbfab00000) (1024K)]
  0x00000296f8cad670 JavaThread "LocalFile Deleter"          daemon [_thread_blocked, id=38596, stack(0x000000fbfab00000,0x000000fbfac00000) (1024K)]
  0x00000296f8bc30f0 JavaThread "LocalFile Deleter"          daemon [_thread_blocked, id=33816, stack(0x000000fbfac00000,0x000000fbfad00000) (1024K)]
  0x00000296f8bc1d40 JavaThread "Compiler Source File Reader" daemon [_thread_blocked, id=45960, stack(0x000000fbfad00000,0x000000fbfae00000) (1024K)]
  0x00000296f8bc2a60 JavaThread "Compiler Source File Reader" daemon [_thread_blocked, id=45968, stack(0x000000fbfae00000,0x000000fbfaf00000) (1024K)]
  0x00000296f8bc3780 JavaThread "Compiler Source File Reader" daemon [_thread_blocked, id=6252, stack(0x000000fbfaf00000,0x000000fbfb000000) (1024K)]
  0x00000296f8bc1020 JavaThread "Compiler Source File Reader" daemon [_thread_blocked, id=33360, stack(0x000000fbfb000000,0x000000fbfb100000) (1024K)]
  0x00000296f8bc5ee0 JavaThread "Compiler Class File Writer" daemon [_thread_blocked, id=39020, stack(0x000000fbfb300000,0x000000fbfb400000) (1024K)]
  0x00000296f8bc44a0 JavaThread "Compiler Class File Writer" daemon [_thread_blocked, id=1524, stack(0x000000fbfb400000,0x000000fbfb500000) (1024K)]
  0x00000296f8bc7920 JavaThread "Compiler Class File Writer" daemon [_thread_blocked, id=11672, stack(0x000000fbfb500000,0x000000fbfb600000) (1024K)]
  0x00000296f8bc6570 JavaThread "Compiler Class File Writer" daemon [_thread_blocked, id=8664, stack(0x000000fbfb600000,0x000000fbfb700000) (1024K)]
  0x00000296f8bc16b0 JavaThread "ForkJoinPool.commonPool-worker-1" daemon [_thread_blocked, id=14692, stack(0x000000fbf7900000,0x000000fbf7a00000) (1024K)]
Total: 48

Other Threads:
  0x0000029699a0eae0 VMThread "VM Thread"                           [id=34216, stack(0x000000fbf7d00000,0x000000fbf7e00000) (1024K)]
  0x00000296f10dca00 WatcherThread "VM Periodic Task Thread"        [id=43260, stack(0x000000fbf7c00000,0x000000fbf7d00000) (1024K)]
  0x00000296999944e0 WorkerThread "GC Thread#0"                     [id=29740, stack(0x000000fbf7b00000,0x000000fbf7c00000) (1024K)]
  0x00000296f73635e0 WorkerThread "GC Thread#1"                     [id=44520, stack(0x000000fbf8900000,0x000000fbf8a00000) (1024K)]
  0x00000296f77c4ae0 WorkerThread "GC Thread#2"                     [id=44488, stack(0x000000fbf8a00000,0x000000fbf8b00000) (1024K)]
  0x00000296f728d8d0 WorkerThread "GC Thread#3"                     [id=44760, stack(0x000000fbf8b00000,0x000000fbf8c00000) (1024K)]
  0x00000296f728dc70 WorkerThread "GC Thread#4"                     [id=44764, stack(0x000000fbf8c00000,0x000000fbf8d00000) (1024K)]
  0x00000296f728e010 WorkerThread "GC Thread#5"                     [id=44768, stack(0x000000fbf8d00000,0x000000fbf8e00000) (1024K)]
Total: 8

Threads with active compile tasks:
C2 CompilerThread0  220877 12226       4       org.eclipse.jdt.internal.compiler.parser.Parser::consumeRule (7748 bytes)
Total: 1

VM state: not at safepoint (normal execution)

VM Mutex/Monitor currently owned by a thread: None

Heap address: 0x0000000080000000, size: 2048 MB, Compressed Oops mode: 32-bit

CDS archive(s) mapped at: [0x00000296b0000000-0x00000296b0ba0000-0x00000296b0ba0000), size 12189696, SharedBaseAddress: 0x00000296b0000000, ArchiveRelocationMode: 1.
Compressed class space mapped at: 0x00000296b1000000-0x00000296f1000000, reserved size: 1073741824
Narrow klass base: 0x00000296b0000000, Narrow klass shift: 0, Narrow klass range: 0x100000000

GC Precious Log:
 CardTable entry size: 512
 CPUs: 6 total, 6 available
 Memory: 7600M
 Large Page Support: Disabled
 NUMA Support: Disabled
 Compressed Oops: Enabled (32-bit)
 Alignments: Space 512K, Generation 512K, Heap 2M
 Heap Min Capacity: 100M
 Heap Initial Capacity: 100M
 Heap Max Capacity: 2G
 Pre-touch: Disabled
 Parallel Workers: 6

Heap:
 PSYoungGen      total 3072K, used 483K [0x00000000d5580000, 0x00000000d5900000, 0x0000000100000000)
  eden space 2048K, 8% used [0x00000000d5580000,0x00000000d55a8f68,0x00000000d5780000)
  from space 1024K, 31% used [0x00000000d5780000,0x00000000d57d0030,0x00000000d5880000)
  to   space 512K, 0% used [0x00000000d5880000,0x00000000d5880000,0x00000000d5900000)
 ParOldGen       total 362496K, used 362286K [0x0000000080000000, 0x0000000096200000, 0x00000000d5580000)
  object space 362496K, 99% used [0x0000000080000000,0x00000000961cba00,0x0000000096200000)
 Metaspace       used 64792K, committed 66304K, reserved 1114112K
  class space    used 6754K, committed 7424K, reserved 1048576K

Card table byte_map: [0x0000029699220000,0x0000029699630000] _byte_map_base: 0x0000029698e20000

Marking Bits: (ParMarkBitMap*) 0x00007ff9e1a22460
 Begin Bits: [0x00000296abb70000, 0x00000296adb70000)
 End Bits:   [0x00000296adb70000, 0x00000296afb70000)

Polling page: 0x00000296976e0000

Metaspace:

Usage:
  Non-class:     56.68 MB used.
      Class:      6.60 MB used.
       Both:     63.27 MB used.

Virtual space:
  Non-class space:       64.00 MB reserved,      57.50 MB ( 90%) committed,  1 nodes.
      Class space:        1.00 GB reserved,       7.25 MB ( <1%) committed,  1 nodes.
             Both:        1.06 GB reserved,      64.75 MB (  6%) committed. 

Chunk freelists:
   Non-Class:  6.00 MB
       Class:  8.72 MB
        Both:  14.72 MB

MaxMetaspaceSize: unlimited
CompressedClassSpaceSize: 1.00 GB
Initial GC threshold: 21.00 MB
Current GC threshold: 106.38 MB
CDS: on
 - commit_granule_bytes: 65536.
 - commit_granule_words: 8192.
 - virtual_space_node_default_size: 8388608.
 - enlarge_chunks_in_place: 1.
 - use_allocation_guard: 0.


Internal statistics:

num_allocs_failed_limit: 9.
num_arena_births: 1276.
num_arena_deaths: 18.
num_vsnodes_births: 2.
num_vsnodes_deaths: 0.
num_space_committed: 1036.
num_space_uncommitted: 0.
num_chunks_returned_to_freelist: 29.
num_chunks_taken_from_freelist: 4338.
num_chunk_merges: 15.
num_chunk_splits: 2658.
num_chunks_enlarged: 1524.
num_inconsistent_stats: 0.

CodeHeap 'non-profiled nmethods': size=120000Kb used=6969Kb max_used=8814Kb free=113030Kb
 bounds [0x00000296a4640000, 0x00000296a4ee0000, 0x00000296abb70000]
CodeHeap 'profiled nmethods': size=120000Kb used=21186Kb max_used=25983Kb free=98813Kb
 bounds [0x000002969cb70000, 0x000002969e4d0000, 0x00000296a40a0000]
CodeHeap 'non-nmethods': size=5760Kb used=1430Kb max_used=1500Kb free=4329Kb
 bounds [0x00000296a40a0000, 0x00000296a4310000, 0x00000296a4640000]
CodeCache: size=245760Kb, used=29585Kb, max_used=36297Kb, free=216172Kb
 total_blobs=10375, nmethods=9631, adapters=649, full_count=0
Compilation: enabled, stopped_count=0, restarted_count=0

Compilation events (20 events):
Event: 211.671 Thread 0x00000296f118b570 12225       4       org.eclipse.jdt.internal.core.search.indexing.AbstractIndexer::addNameReference (9 bytes)
Event: 211.673 Thread 0x00000296f11a70a0 12228       3       org.eclipse.jdt.internal.compiler.parser.Parser::consumeQualifiedName (30 bytes)
Event: 211.673 Thread 0x00000296f118b570 nmethod 12225 0x00000296a47b6c10 code [0x00000296a47b6dc0, 0x00000296a47b6f60]
Event: 211.673 Thread 0x00000296f11a70a0 nmethod 12228 0x000002969cb7ec90 code [0x000002969cb7ee40, 0x000002969cb7f078]
Event: 211.673 Thread 0x00000296f118b570 12226       4       org.eclipse.jdt.internal.compiler.parser.Parser::consumeRule (7748 bytes)
Event: 211.674 Thread 0x00000296f11a70a0 12229       2       org.eclipse.jdt.internal.core.search.indexing.AbstractIndexer::addIndexMetaQualification (44 bytes)
Event: 211.675 Thread 0x00000296f11a70a0 nmethod 12229 0x000002969cc67610 code [0x000002969cc677e0, 0x000002969cc67a70]
Event: 211.675 Thread 0x00000296f11a70a0 12230       3       org.eclipse.jdt.internal.compiler.parser.Parser::pushIdentifier (200 bytes)
Event: 211.677 Thread 0x00000296f11a70a0 nmethod 12230 0x000002969cc1c090 code [0x000002969cc1c2e0, 0x000002969cc1ce60]
Event: 211.684 Thread 0x00000296f11a70a0 12232       3       org.eclipse.jdt.internal.compiler.parser.Scanner::getCurrentTokenSourceString (86 bytes)
Event: 211.685 Thread 0x00000296f11a70a0 nmethod 12232 0x000002969cbaa390 code [0x000002969cbaa660, 0x000002969cbab258]
Event: 211.685 Thread 0x00000296f11a70a0 12233       3       org.eclipse.jdt.internal.compiler.parser.Parser::createStringLiteral (13 bytes)
Event: 211.686 Thread 0x00000296f11a70a0 nmethod 12233 0x000002969cb9a990 code [0x000002969cb9ab40, 0x000002969cb9ad00]
Event: 211.692 Thread 0x00000296f11a70a0 12234       3       org.eclipse.jdt.internal.compiler.ast.AbstractMethodDeclaration::isAbstract (30 bytes)
Event: 211.692 Thread 0x00000296f11a70a0 nmethod 12234 0x000002969cb92810 code [0x000002969cb929c0, 0x000002969cb92c48]
Event: 211.708 Thread 0x00000296f11a70a0 12235       3       org.eclipse.jdt.internal.compiler.parser.Parser::consumeClassOrInterfaceName (19 bytes)
Event: 211.708 Thread 0x00000296f11a70a0 nmethod 12235 0x000002969cb95c10 code [0x000002969cb95de0, 0x000002969cb960a0]
Event: 211.794 Thread 0x00000296f11a70a0 12237       3       org.eclipse.jdt.internal.compiler.parser.Parser::consumeBlockStatements (5 bytes)
Event: 211.794 Thread 0x00000296f11a70a0 nmethod 12237 0x000002969cbe0610 code [0x000002969cbe07c0, 0x000002969cbe0980]
Event: 211.795 Thread 0x00000296f11a70a0 12238       3       lombok.eclipse.agent.PatchVal::couldBe (291 bytes)

GC Heap History (20 events):
Event: 208.296 GC heap before
{Heap before GC invocations=516 (full 5):
 PSYoungGen      total 2560K, used 2107K [0x00000000d5580000, 0x00000000d5980000, 0x0000000100000000)
  eden space 1024K, 100% used [0x00000000d5580000,0x00000000d5680000,0x00000000d5680000)
  from space 1536K, 70% used [0x00000000d5800000,0x00000000d590ef70,0x00000000d5980000)
  to   space 1536K, 74% used [0x00000000d5680000,0x00000000d579d000,0x00000000d5800000)
 ParOldGen       total 340480K, used 340178K [0x0000000080000000, 0x0000000094c80000, 0x00000000d5580000)
  object space 340480K, 99% used [0x0000000080000000,0x0000000094c34908,0x0000000094c80000)
 Metaspace       used 63848K, committed 65344K, reserved 1114112K
  class space    used 6655K, committed 7296K, reserved 1048576K
}
Event: 208.593 GC heap after
{Heap after GC invocations=516 (full 5):
 PSYoungGen      total 2560K, used 0K [0x00000000d5580000, 0x00000000d5980000, 0x0000000100000000)
  eden space 1024K, 0% used [0x00000000d5580000,0x00000000d5580000,0x00000000d5680000)
  from space 1536K, 0% used [0x00000000d5680000,0x00000000d5680000,0x00000000d5800000)
  to   space 1536K, 0% used [0x00000000d5800000,0x00000000d5800000,0x00000000d5980000)
 ParOldGen       total 340480K, used 321927K [0x0000000080000000, 0x0000000094c80000, 0x00000000d5580000)
  object space 340480K, 94% used [0x0000000080000000,0x0000000093a61eb8,0x0000000094c80000)
 Metaspace       used 63848K, committed 65344K, reserved 1114112K
  class space    used 6655K, committed 7296K, reserved 1048576K
}
Event: 208.941 GC heap before
{Heap before GC invocations=517 (full 5):
 PSYoungGen      total 2560K, used 979K [0x00000000d5580000, 0x00000000d5980000, 0x0000000100000000)
  eden space 1024K, 95% used [0x00000000d5580000,0x00000000d5674e78,0x00000000d5680000)
  from space 1536K, 0% used [0x00000000d5680000,0x00000000d5680000,0x00000000d5800000)
  to   space 1536K, 0% used [0x00000000d5800000,0x00000000d5800000,0x00000000d5980000)
 ParOldGen       total 340480K, used 321927K [0x0000000080000000, 0x0000000094c80000, 0x00000000d5580000)
  object space 340480K, 94% used [0x0000000080000000,0x0000000093a61eb8,0x0000000094c80000)
 Metaspace       used 63852K, committed 65344K, reserved 1114112K
  class space    used 6655K, committed 7296K, reserved 1048576K
}
Event: 208.943 GC heap after
{Heap after GC invocations=517 (full 5):
 PSYoungGen      total 2048K, used 832K [0x00000000d5580000, 0x00000000d5900000, 0x0000000100000000)
  eden space 1024K, 0% used [0x00000000d5580000,0x00000000d5580000,0x00000000d5680000)
  from space 1024K, 81% used [0x00000000d5800000,0x00000000d58d0000,0x00000000d5900000)
  to   space 1024K, 0% used [0x00000000d5700000,0x00000000d5700000,0x00000000d5800000)
 ParOldGen       total 340480K, used 321927K [0x0000000080000000, 0x0000000094c80000, 0x00000000d5580000)
  object space 340480K, 94% used [0x0000000080000000,0x0000000093a61eb8,0x0000000094c80000)
 Metaspace       used 63852K, committed 65344K, reserved 1114112K
  class space    used 6655K, committed 7296K, reserved 1048576K
}
Event: 208.992 GC heap before
{Heap before GC invocations=518 (full 5):
 PSYoungGen      total 2048K, used 1856K [0x00000000d5580000, 0x00000000d5900000, 0x0000000100000000)
  eden space 1024K, 100% used [0x00000000d5580000,0x00000000d5680000,0x00000000d5680000)
  from space 1024K, 81% used [0x00000000d5800000,0x00000000d58d0000,0x00000000d5900000)
  to   space 1024K, 0% used [0x00000000d5700000,0x00000000d5700000,0x00000000d5800000)
 ParOldGen       total 340480K, used 321927K [0x0000000080000000, 0x0000000094c80000, 0x00000000d5580000)
  object space 340480K, 94% used [0x0000000080000000,0x0000000093a61eb8,0x0000000094c80000)
 Metaspace       used 63852K, committed 65344K, reserved 1114112K
  class space    used 6655K, committed 7296K, reserved 1048576K
}
Event: 208.996 GC heap after
{Heap after GC invocations=518 (full 5):
 PSYoungGen      total 2048K, used 672K [0x00000000d5580000, 0x00000000d5880000, 0x0000000100000000)
  eden space 1024K, 0% used [0x00000000d5580000,0x00000000d5580000,0x00000000d5680000)
  from space 1024K, 65% used [0x00000000d5700000,0x00000000d57a8000,0x00000000d5800000)
  to   space 512K, 0% used [0x00000000d5800000,0x00000000d5800000,0x00000000d5880000)
 ParOldGen       total 340480K, used 322647K [0x0000000080000000, 0x0000000094c80000, 0x00000000d5580000)
  object space 340480K, 94% used [0x0000000080000000,0x0000000093b15eb8,0x0000000094c80000)
 Metaspace       used 63852K, committed 65344K, reserved 1114112K
  class space    used 6655K, committed 7296K, reserved 1048576K
}
Event: 209.040 GC heap before
{Heap before GC invocations=519 (full 5):
 PSYoungGen      total 2048K, used 1695K [0x00000000d5580000, 0x00000000d5880000, 0x0000000100000000)
  eden space 1024K, 99% used [0x00000000d5580000,0x00000000d567fe88,0x00000000d5680000)
  from space 1024K, 65% used [0x00000000d5700000,0x00000000d57a8000,0x00000000d5800000)
  to   space 512K, 0% used [0x00000000d5800000,0x00000000d5800000,0x00000000d5880000)
 ParOldGen       total 340480K, used 322647K [0x0000000080000000, 0x0000000094c80000, 0x00000000d5580000)
  object space 340480K, 94% used [0x0000000080000000,0x0000000093b15eb8,0x0000000094c80000)
 Metaspace       used 63852K, committed 65344K, reserved 1114112K
  class space    used 6655K, committed 7296K, reserved 1048576K
}
Event: 209.043 GC heap after
{Heap after GC invocations=519 (full 5):
 PSYoungGen      total 1536K, used 512K [0x00000000d5580000, 0x00000000d5980000, 0x0000000100000000)
  eden space 1024K, 0% used [0x00000000d5580000,0x00000000d5580000,0x00000000d5680000)
  from space 512K, 100% used [0x00000000d5800000,0x00000000d5880000,0x00000000d5880000)
  to   space 1536K, 0% used [0x00000000d5680000,0x00000000d5680000,0x00000000d5800000)
 ParOldGen       total 340480K, used 323439K [0x0000000080000000, 0x0000000094c80000, 0x00000000d5580000)
  object space 340480K, 94% used [0x0000000080000000,0x0000000093bdbeb8,0x0000000094c80000)
 Metaspace       used 63852K, committed 65344K, reserved 1114112K
  class space    used 6655K, committed 7296K, reserved 1048576K
}
Event: 209.091 GC heap before
{Heap before GC invocations=520 (full 5):
 PSYoungGen      total 1536K, used 1536K [0x00000000d5580000, 0x00000000d5980000, 0x0000000100000000)
  eden space 1024K, 100% used [0x00000000d5580000,0x00000000d5680000,0x00000000d5680000)
  from space 512K, 100% used [0x00000000d5800000,0x00000000d5880000,0x00000000d5880000)
  to   space 1536K, 0% used [0x00000000d5680000,0x00000000d5680000,0x00000000d5800000)
 ParOldGen       total 340480K, used 323439K [0x0000000080000000, 0x0000000094c80000, 0x00000000d5580000)
  object space 340480K, 94% used [0x0000000080000000,0x0000000093bdbeb8,0x0000000094c80000)
 Metaspace       used 63852K, committed 65344K, reserved 1114112K
  class space    used 6655K, committed 7296K, reserved 1048576K
}
Event: 209.094 GC heap after
{Heap after GC invocations=520 (full 5):
 PSYoungGen      total 2048K, used 640K [0x00000000d5580000, 0x00000000d5880000, 0x0000000100000000)
  eden space 1024K, 0% used [0x00000000d5580000,0x00000000d5580000,0x00000000d5680000)
  from space 1024K, 62% used [0x00000000d5680000,0x00000000d5720000,0x00000000d5780000)
  to   space 1024K, 0% used [0x00000000d5780000,0x00000000d5780000,0x00000000d5880000)
 ParOldGen       total 340480K, used 323895K [0x0000000080000000, 0x0000000094c80000, 0x00000000d5580000)
  object space 340480K, 95% used [0x0000000080000000,0x0000000093c4deb8,0x0000000094c80000)
 Metaspace       used 63852K, committed 65344K, reserved 1114112K
  class space    used 6655K, committed 7296K, reserved 1048576K
}
Event: 209.490 GC heap before
{Heap before GC invocations=521 (full 5):
 PSYoungGen      total 2048K, used 1664K [0x00000000d5580000, 0x00000000d5880000, 0x0000000100000000)
  eden space 1024K, 100% used [0x00000000d5580000,0x00000000d5680000,0x00000000d5680000)
  from space 1024K, 62% used [0x00000000d5680000,0x00000000d5720000,0x00000000d5780000)
  to   space 1024K, 0% used [0x00000000d5780000,0x00000000d5780000,0x00000000d5880000)
 ParOldGen       total 340480K, used 323895K [0x0000000080000000, 0x0000000094c80000, 0x00000000d5580000)
  object space 340480K, 95% used [0x0000000080000000,0x0000000093c4deb8,0x0000000094c80000)
 Metaspace       used 63852K, committed 65344K, reserved 1114112K
  class space    used 6655K, committed 7296K, reserved 1048576K
}
Event: 209.493 GC heap after
{Heap after GC invocations=521 (full 5):
 PSYoungGen      total 2048K, used 864K [0x00000000d5580000, 0x00000000d5880000, 0x0000000100000000)
  eden space 1024K, 0% used [0x00000000d5580000,0x00000000d5580000,0x00000000d5680000)
  from space 1024K, 84% used [0x00000000d5780000,0x00000000d5858000,0x00000000d5880000)
  to   space 1024K, 0% used [0x00000000d5680000,0x00000000d5680000,0x00000000d5780000)
 ParOldGen       total 340480K, used 324503K [0x0000000080000000, 0x0000000094c80000, 0x00000000d5580000)
  object space 340480K, 95% used [0x0000000080000000,0x0000000093ce5eb8,0x0000000094c80000)
 Metaspace       used 63852K, committed 65344K, reserved 1114112K
  class space    used 6655K, committed 7296K, reserved 1048576K
}
Event: 209.522 GC heap before
{Heap before GC invocations=522 (full 5):
 PSYoungGen      total 2048K, used 1879K [0x00000000d5580000, 0x00000000d5880000, 0x0000000100000000)
  eden space 1024K, 99% used [0x00000000d5580000,0x00000000d567df38,0x00000000d5680000)
  from space 1024K, 84% used [0x00000000d5780000,0x00000000d5858000,0x00000000d5880000)
  to   space 1024K, 0% used [0x00000000d5680000,0x00000000d5680000,0x00000000d5780000)
 ParOldGen       total 340480K, used 324503K [0x0000000080000000, 0x0000000094c80000, 0x00000000d5580000)
  object space 340480K, 95% used [0x0000000080000000,0x0000000093ce5eb8,0x0000000094c80000)
 Metaspace       used 63852K, committed 65344K, reserved 1114112K
  class space    used 6655K, committed 7296K, reserved 1048576K
}
Event: 209.525 GC heap after
{Heap after GC invocations=522 (full 5):
 PSYoungGen      total 2048K, used 864K [0x00000000d5580000, 0x00000000d5880000, 0x0000000100000000)
  eden space 1024K, 0% used [0x00000000d5580000,0x00000000d5580000,0x00000000d5680000)
  from space 1024K, 84% used [0x00000000d5680000,0x00000000d5758000,0x00000000d5780000)
  to   space 1024K, 0% used [0x00000000d5780000,0x00000000d5780000,0x00000000d5880000)
 ParOldGen       total 340480K, used 325311K [0x0000000080000000, 0x0000000094c80000, 0x00000000d5580000)
  object space 340480K, 95% used [0x0000000080000000,0x0000000093dafeb8,0x0000000094c80000)
 Metaspace       used 63852K, committed 65344K, reserved 1114112K
  class space    used 6655K, committed 7296K, reserved 1048576K
}
Event: 210.910 GC heap before
{Heap before GC invocations=523 (full 5):
 PSYoungGen      total 2048K, used 1888K [0x00000000d5580000, 0x00000000d5880000, 0x0000000100000000)
  eden space 1024K, 100% used [0x00000000d5580000,0x00000000d5680000,0x00000000d5680000)
  from space 1024K, 84% used [0x00000000d5680000,0x00000000d5758000,0x00000000d5780000)
  to   space 1024K, 0% used [0x00000000d5780000,0x00000000d5780000,0x00000000d5880000)
 ParOldGen       total 340480K, used 325311K [0x0000000080000000, 0x0000000094c80000, 0x00000000d5580000)
  object space 340480K, 95% used [0x0000000080000000,0x0000000093dafeb8,0x0000000094c80000)
 Metaspace       used 63852K, committed 65344K, reserved 1114112K
  class space    used 6655K, committed 7296K, reserved 1048576K
}
Event: 210.914 GC heap after
{Heap after GC invocations=523 (full 5):
 PSYoungGen      total 2048K, used 960K [0x00000000d5580000, 0x00000000d5880000, 0x0000000100000000)
  eden space 1024K, 0% used [0x00000000d5580000,0x00000000d5580000,0x00000000d5680000)
  from space 1024K, 93% used [0x00000000d5780000,0x00000000d5870000,0x00000000d5880000)
  to   space 1024K, 0% used [0x00000000d5680000,0x00000000d5680000,0x00000000d5780000)
 ParOldGen       total 340480K, used 326135K [0x0000000080000000, 0x0000000094c80000, 0x00000000d5580000)
  object space 340480K, 95% used [0x0000000080000000,0x0000000093e7deb8,0x0000000094c80000)
 Metaspace       used 63852K, committed 65344K, reserved 1114112K
  class space    used 6655K, committed 7296K, reserved 1048576K
}
Event: 210.975 GC heap before
{Heap before GC invocations=524 (full 5):
 PSYoungGen      total 2048K, used 1984K [0x00000000d5580000, 0x00000000d5880000, 0x0000000100000000)
  eden space 1024K, 100% used [0x00000000d5580000,0x00000000d5680000,0x00000000d5680000)
  from space 1024K, 93% used [0x00000000d5780000,0x00000000d5870000,0x00000000d5880000)
  to   space 1024K, 0% used [0x00000000d5680000,0x00000000d5680000,0x00000000d5780000)
 ParOldGen       total 340480K, used 326135K [0x0000000080000000, 0x0000000094c80000, 0x00000000d5580000)
  object space 340480K, 95% used [0x0000000080000000,0x0000000093e7deb8,0x0000000094c80000)
 Metaspace       used 63852K, committed 65344K, reserved 1114112K
  class space    used 6655K, committed 7296K, reserved 1048576K
}
Event: 210.978 GC heap after
{Heap after GC invocations=524 (full 5):
 PSYoungGen      total 2048K, used 864K [0x00000000d5580000, 0x00000000d5880000, 0x0000000100000000)
  eden space 1024K, 0% used [0x00000000d5580000,0x00000000d5580000,0x00000000d5680000)
  from space 1024K, 84% used [0x00000000d5680000,0x00000000d5758000,0x00000000d5780000)
  to   space 1024K, 0% used [0x00000000d5780000,0x00000000d5780000,0x00000000d5880000)
 ParOldGen       total 340480K, used 327031K [0x0000000080000000, 0x0000000094c80000, 0x00000000d5580000)
  object space 340480K, 96% used [0x0000000080000000,0x0000000093f5deb8,0x0000000094c80000)
 Metaspace       used 63852K, committed 65344K, reserved 1114112K
  class space    used 6655K, committed 7296K, reserved 1048576K
}
Event: 211.550 GC heap before
{Heap before GC invocations=525 (full 5):
 PSYoungGen      total 2048K, used 1873K [0x00000000d5580000, 0x00000000d5880000, 0x0000000100000000)
  eden space 1024K, 98% used [0x00000000d5580000,0x00000000d567c408,0x00000000d5680000)
  from space 1024K, 84% used [0x00000000d5680000,0x00000000d5758000,0x00000000d5780000)
  to   space 1024K, 0% used [0x00000000d5780000,0x00000000d5780000,0x00000000d5880000)
 ParOldGen       total 340480K, used 327031K [0x0000000080000000, 0x0000000094c80000, 0x00000000d5580000)
  object space 340480K, 96% used [0x0000000080000000,0x0000000093f5deb8,0x0000000094c80000)
 Metaspace       used 63881K, committed 65408K, reserved 1114112K
  class space    used 6658K, committed 7296K, reserved 1048576K
}
Event: 211.553 GC heap after
{Heap after GC invocations=525 (full 5):
 PSYoungGen      total 2048K, used 480K [0x00000000d5580000, 0x00000000d5880000, 0x0000000100000000)
  eden space 1024K, 0% used [0x00000000d5580000,0x00000000d5580000,0x00000000d5680000)
  from space 1024K, 46% used [0x00000000d5780000,0x00000000d57f8000,0x00000000d5880000)
  to   space 1024K, 0% used [0x00000000d5680000,0x00000000d5680000,0x00000000d5780000)
 ParOldGen       total 340480K, used 327823K [0x0000000080000000, 0x0000000094c80000, 0x00000000d5580000)
  object space 340480K, 96% used [0x0000000080000000,0x0000000094023eb8,0x0000000094c80000)
 Metaspace       used 63881K, committed 65408K, reserved 1114112K
  class space    used 6658K, committed 7296K, reserved 1048576K
}

Dll operation events (10 events):
Event: 0.038 Loaded shared library c:\Users\zxcv3\.vscode\extensions\redhat.java-1.51.0-win32-x64\jre\21.0.9-win32-x86_64\bin\java.dll
Event: 0.303 Loaded shared library c:\Users\zxcv3\.vscode\extensions\redhat.java-1.51.0-win32-x64\jre\21.0.9-win32-x86_64\bin\zip.dll
Event: 0.424 Loaded shared library C:\Users\zxcv3\.vscode\extensions\redhat.java-1.51.0-win32-x64\jre\21.0.9-win32-x86_64\bin\instrument.dll
Event: 0.444 Loaded shared library C:\Users\zxcv3\.vscode\extensions\redhat.java-1.51.0-win32-x64\jre\21.0.9-win32-x86_64\bin\net.dll
Event: 0.461 Loaded shared library C:\Users\zxcv3\.vscode\extensions\redhat.java-1.51.0-win32-x64\jre\21.0.9-win32-x86_64\bin\nio.dll
Event: 0.475 Loaded shared library C:\Users\zxcv3\.vscode\extensions\redhat.java-1.51.0-win32-x64\jre\21.0.9-win32-x86_64\bin\zip.dll
Event: 0.563 Loaded shared library C:\Users\zxcv3\.vscode\extensions\redhat.java-1.51.0-win32-x64\jre\21.0.9-win32-x86_64\bin\jimage.dll
Event: 1.044 Loaded shared library c:\Users\zxcv3\.vscode\extensions\redhat.java-1.51.0-win32-x64\jre\21.0.9-win32-x86_64\bin\verify.dll
Event: 5.947 Loaded shared library C:\Users\zxcv3\AppData\Roaming\Code\User\globalStorage\redhat.java\1.51.0\config_win\org.eclipse.equinox.launcher\org.eclipse.equinox.launcher.win32.win32.x86_64_1.2.1400.v20250801-0854\eclipse_11916.dll
Event: 53.953 Loaded shared library C:\Users\zxcv3\AppData\Local\Temp\jna-116343330\jna3876837842995084291.dll

Deoptimization events (20 events):
Event: 211.526 Thread 0x00000296f8ca94d0 Uncommon trap: trap_request=0xffffff45 fr.pc=0x00000296a4e81f3c relative=0x0000000000000b1c
Event: 211.526 Thread 0x00000296f8ca94d0 Uncommon trap: reason=unstable_if action=reinterpret pc=0x00000296a4e81f3c method=org.eclipse.jdt.internal.core.search.JavaSearchParticipant.indexDocument(Lorg/eclipse/jdt/core/search/SearchDocument;Lorg/eclipse/core/runtime/IPath;)V @ 13 c2
Event: 211.526 Thread 0x00000296f8ca94d0 DEOPT PACKING pc=0x00000296a4e81f3c sp=0x000000fbf98ff3e0
Event: 211.526 Thread 0x00000296f8ca94d0 DEOPT UNPACKING pc=0x00000296a40f3aa2 sp=0x000000fbf98ff348 mode 2
Event: 211.669 Thread 0x00000296f8ca94d0 Uncommon trap: trap_request=0xffffffde fr.pc=0x00000296a4dfbb2c relative=0x00000000000003ec
Event: 211.669 Thread 0x00000296f8ca94d0 Uncommon trap: reason=class_check action=maybe_recompile pc=0x00000296a4dfbb2c method=org.eclipse.jdt.internal.compiler.parser.Parser.consumeRule(I)V @ 4097 c2
Event: 211.669 Thread 0x00000296f8ca94d0 DEOPT PACKING pc=0x00000296a4dfbb2c sp=0x000000fbf98ff050
Event: 211.669 Thread 0x00000296f8ca94d0 DEOPT UNPACKING pc=0x00000296a40f3aa2 sp=0x000000fbf98feff0 mode 2
Event: 211.669 Thread 0x00000296f8ca94d0 Uncommon trap: trap_request=0xffffffde fr.pc=0x00000296a4dfbb2c relative=0x00000000000003ec
Event: 211.669 Thread 0x00000296f8ca94d0 Uncommon trap: reason=class_check action=maybe_recompile pc=0x00000296a4dfbb2c method=org.eclipse.jdt.internal.compiler.parser.Parser.consumeRule(I)V @ 4097 c2
Event: 211.669 Thread 0x00000296f8ca94d0 DEOPT PACKING pc=0x00000296a4dfbb2c sp=0x000000fbf98ff050
Event: 211.669 Thread 0x00000296f8ca94d0 DEOPT UNPACKING pc=0x00000296a40f3aa2 sp=0x000000fbf98feff0 mode 2
Event: 211.670 Thread 0x00000296f8ca94d0 Uncommon trap: trap_request=0xffffffde fr.pc=0x00000296a4dfbb2c relative=0x00000000000003ec
Event: 211.670 Thread 0x00000296f8ca94d0 Uncommon trap: reason=class_check action=maybe_recompile pc=0x00000296a4dfbb2c method=org.eclipse.jdt.internal.compiler.parser.Parser.consumeRule(I)V @ 4097 c2
Event: 211.670 Thread 0x00000296f8ca94d0 DEOPT PACKING pc=0x00000296a4dfbb2c sp=0x000000fbf98ff050
Event: 211.670 Thread 0x00000296f8ca94d0 DEOPT UNPACKING pc=0x00000296a40f3aa2 sp=0x000000fbf98feff0 mode 2
Event: 211.670 Thread 0x00000296f8ca94d0 Uncommon trap: trap_request=0xffffffde fr.pc=0x00000296a4dfbb2c relative=0x00000000000003ec
Event: 211.670 Thread 0x00000296f8ca94d0 Uncommon trap: reason=class_check action=maybe_recompile pc=0x00000296a4dfbb2c method=org.eclipse.jdt.internal.compiler.parser.Parser.consumeRule(I)V @ 4097 c2
Event: 211.670 Thread 0x00000296f8ca94d0 DEOPT PACKING pc=0x00000296a4dfbb2c sp=0x000000fbf98ff050
Event: 211.670 Thread 0x00000296f8ca94d0 DEOPT UNPACKING pc=0x00000296a40f3aa2 sp=0x000000fbf98feff0 mode 2

Classes loaded (20 events):
Event: 108.556 Loading class java/util/TreeMap$TreeMapSpliterator done
Event: 108.556 Loading class java/util/TreeMap$ValueSpliterator done
Event: 108.590 Loading class java/util/concurrent/CompletionException
Event: 108.590 Loading class java/util/concurrent/CompletionException done
Event: 108.599 Loading class java/nio/file/FileTreeWalker$1
Event: 108.599 Loading class java/nio/file/FileTreeWalker$1 done
Event: 108.600 Loading class sun/nio/fs/Globs
Event: 108.601 Loading class sun/nio/fs/Globs done
Event: 108.601 Loading class java/util/regex/Pattern$SliceU
Event: 108.601 Loading class java/util/regex/Pattern$SliceU done
Event: 108.601 Loading class sun/nio/fs/WindowsFileSystem$2
Event: 108.602 Loading class java/nio/file/PathMatcher
Event: 108.602 Loading class java/nio/file/PathMatcher done
Event: 108.602 Loading class sun/nio/fs/WindowsFileSystem$2 done
Event: 109.318 Loading class java/util/Collections$SynchronizedRandomAccessList
Event: 109.320 Loading class java/util/Collections$SynchronizedList
Event: 109.322 Loading class java/util/Collections$SynchronizedList done
Event: 109.322 Loading class java/util/Collections$SynchronizedRandomAccessList done
Event: 109.433 Loading class java/util/concurrent/CompletableFuture$Signaller
Event: 109.434 Loading class java/util/concurrent/CompletableFuture$Signaller done

Classes unloaded (9 events):
Event: 72.776 Thread 0x0000029699a0eae0 Unloading class 0x00000296b11ad000 'java/lang/invoke/LambdaForm$MH+0x00000296b11ad000'
Event: 72.777 Thread 0x0000029699a0eae0 Unloading class 0x00000296b11acc00 'java/lang/invoke/LambdaForm$MH+0x00000296b11acc00'
Event: 72.777 Thread 0x0000029699a0eae0 Unloading class 0x00000296b11ac800 'java/lang/invoke/LambdaForm$MH+0x00000296b11ac800'
Event: 72.777 Thread 0x0000029699a0eae0 Unloading class 0x00000296b11ac400 'java/lang/invoke/LambdaForm$MH+0x00000296b11ac400'
Event: 72.777 Thread 0x0000029699a0eae0 Unloading class 0x00000296b11ac000 'java/lang/invoke/LambdaForm$BMH+0x00000296b11ac000'
Event: 72.777 Thread 0x0000029699a0eae0 Unloading class 0x00000296b11abc00 'java/lang/invoke/LambdaForm$DMH+0x00000296b11abc00'
Event: 72.777 Thread 0x0000029699a0eae0 Unloading class 0x00000296b11aa800 'java/lang/invoke/LambdaForm$DMH+0x00000296b11aa800'
Event: 196.335 Thread 0x0000029699a0eae0 Unloading class 0x00000296b16d8c00 'java/lang/invoke/LambdaForm$DMH+0x00000296b16d8c00'
Event: 196.336 Thread 0x0000029699a0eae0 Unloading class 0x00000296b16d8400 'java/lang/invoke/LambdaForm$DMH+0x00000296b16d8400'

Classes redefined (0 events):
No events

Internal exceptions (20 events):
Event: 108.958 Thread 0x00000296f8ca6050 Exception <a 'sun/nio/fs/WindowsException'{0x00000000d59a17a0}> (0x00000000d59a17a0) 
thrown [s\src\hotspot\share\prims\jni.cpp, line 520]
Event: 108.958 Thread 0x00000296f8ca6050 Exception <a 'sun/nio/fs/WindowsException'{0x00000000d59a1ec8}> (0x00000000d59a1ec8) 
thrown [s\src\hotspot\share\prims\jni.cpp, line 520]
Event: 108.958 Thread 0x00000296f8ca6050 Exception <a 'sun/nio/fs/WindowsException'{0x00000000d59a5cd0}> (0x00000000d59a5cd0) 
thrown [s\src\hotspot\share\prims\jni.cpp, line 520]
Event: 108.958 Thread 0x00000296f8ca6050 Exception <a 'sun/nio/fs/WindowsException'{0x00000000d59a63f0}> (0x00000000d59a63f0) 
thrown [s\src\hotspot\share\prims\jni.cpp, line 520]
Event: 108.958 Thread 0x00000296f8ca6050 Exception <a 'sun/nio/fs/WindowsException'{0x00000000d59a6b10}> (0x00000000d59a6b10) 
thrown [s\src\hotspot\share\prims\jni.cpp, line 520]
Event: 108.958 Thread 0x00000296f8ca6050 Exception <a 'sun/nio/fs/WindowsException'{0x00000000d59a7250}> (0x00000000d59a7250) 
thrown [s\src\hotspot\share\prims\jni.cpp, line 520]
Event: 108.959 Thread 0x00000296f8ca6050 Exception <a 'sun/nio/fs/WindowsException'{0x00000000d59aac10}> (0x00000000d59aac10) 
thrown [s\src\hotspot\share\prims\jni.cpp, line 520]
Event: 108.959 Thread 0x00000296f8ca6050 Exception <a 'sun/nio/fs/WindowsException'{0x00000000d59ab270}> (0x00000000d59ab270) 
thrown [s\src\hotspot\share\prims\jni.cpp, line 520]
Event: 108.959 Thread 0x00000296f8ca6050 Exception <a 'sun/nio/fs/WindowsException'{0x00000000d59ab8d0}> (0x00000000d59ab8d0) 
thrown [s\src\hotspot\share\prims\jni.cpp, line 520]
Event: 108.959 Thread 0x00000296f8ca6050 Exception <a 'sun/nio/fs/WindowsException'{0x00000000d59abf50}> (0x00000000d59abf50) 
thrown [s\src\hotspot\share\prims\jni.cpp, line 520]
Event: 108.960 Thread 0x00000296f8ca6050 Exception <a 'sun/nio/fs/WindowsException'{0x00000000d59af580}> (0x00000000d59af580) 
thrown [s\src\hotspot\share\prims\jni.cpp, line 520]
Event: 108.960 Thread 0x00000296f8ca6050 Exception <a 'sun/nio/fs/WindowsException'{0x00000000d59afc00}> (0x00000000d59afc00) 
thrown [s\src\hotspot\share\prims\jni.cpp, line 520]
Event: 108.960 Thread 0x00000296f8ca6050 Exception <a 'sun/nio/fs/WindowsException'{0x00000000d59b0280}> (0x00000000d59b0280) 
thrown [s\src\hotspot\share\prims\jni.cpp, line 520]
Event: 108.960 Thread 0x00000296f8ca6050 Exception <a 'sun/nio/fs/WindowsException'{0x00000000d59b0918}> (0x00000000d59b0918) 
thrown [s\src\hotspot\share\prims\jni.cpp, line 520]
Event: 108.962 Thread 0x00000296f8ca6050 Exception <a 'sun/nio/fs/WindowsException'{0x00000000d59b4398}> (0x00000000d59b4398) 
thrown [s\src\hotspot\share\prims\jni.cpp, line 520]
Event: 108.962 Thread 0x00000296f8ca6050 Exception <a 'sun/nio/fs/WindowsException'{0x00000000d59b4a28}> (0x00000000d59b4a28) 
thrown [s\src\hotspot\share\prims\jni.cpp, line 520]
Event: 108.962 Thread 0x00000296f8ca6050 Exception <a 'sun/nio/fs/WindowsException'{0x00000000d59b50b8}> (0x00000000d59b50b8) 
thrown [s\src\hotspot\share\prims\jni.cpp, line 520]
Event: 108.962 Thread 0x00000296f8ca6050 Exception <a 'sun/nio/fs/WindowsException'{0x00000000d59b5768}> (0x00000000d59b5768) 
thrown [s\src\hotspot\share\prims\jni.cpp, line 520]
Event: 109.234 Thread 0x00000296f8ca8120 Exception <a 'java/lang/IncompatibleClassChangeError'{0x00000000d56c84b0}: Found class java.lang.Object, but interface was expected> (0x00000000d56c84b0) 
thrown [s\src\hotspot\share\interpreter\linkResolver.cpp, line 840]
Event: 211.393 Thread 0x00000296f8ca94d0 Exception <a 'sun/nio/fs/WindowsException'{0x00000000d5646368}> (0x00000000d5646368) 
thrown [s\src\hotspot\share\prims\jni.cpp, line 520]

ZGC Phase Switch (0 events):
No events

VM Operations (20 events):
Event: 208.992 Executing VM operation: ParallelGCFailedAllocation (Allocation Failure)
Event: 208.996 Executing VM operation: ParallelGCFailedAllocation (Allocation Failure) done
Event: 209.040 Executing VM operation: ParallelGCFailedAllocation (Allocation Failure)
Event: 209.043 Executing VM operation: ParallelGCFailedAllocation (Allocation Failure) done
Event: 209.091 Executing VM operation: ParallelGCFailedAllocation (Allocation Failure)
Event: 209.094 Executing VM operation: ParallelGCFailedAllocation (Allocation Failure) done
Event: 209.490 Executing VM operation: ParallelGCFailedAllocation (Allocation Failure)
Event: 209.493 Executing VM operation: ParallelGCFailedAllocation (Allocation Failure) done
Event: 209.522 Executing VM operation: ParallelGCFailedAllocation (Allocation Failure)
Event: 209.525 Executing VM operation: ParallelGCFailedAllocation (Allocation Failure) done
Event: 210.910 Executing VM operation: ParallelGCFailedAllocation (Allocation Failure)
Event: 210.914 Executing VM operation: ParallelGCFailedAllocation (Allocation Failure) done
Event: 210.975 Executing VM operation: ParallelGCFailedAllocation (Allocation Failure)
Event: 210.978 Executing VM operation: ParallelGCFailedAllocation (Allocation Failure) done
Event: 211.549 Executing VM operation: HandshakeAllThreads (Deoptimize)
Event: 211.549 Executing VM operation: HandshakeAllThreads (Deoptimize) done
Event: 211.550 Executing VM operation: ParallelGCFailedAllocation (Allocation Failure)
Event: 211.553 Executing VM operation: ParallelGCFailedAllocation (Allocation Failure) done
Event: 211.606 Executing VM operation: HandshakeAllThreads (Deoptimize)
Event: 211.606 Executing VM operation: HandshakeAllThreads (Deoptimize) done

Memory protections (0 events):
No events

Nmethod flushes (20 events):
Event: 208.479 Thread 0x0000029699a0eae0 flushing  nmethod 0x000002969e3bb790
Event: 208.479 Thread 0x0000029699a0eae0 flushing  nmethod 0x000002969e3bbc90
Event: 208.479 Thread 0x0000029699a0eae0 flushing  nmethod 0x000002969e3be810
Event: 208.480 Thread 0x0000029699a0eae0 flushing  nmethod 0x000002969e412c90
Event: 208.480 Thread 0x0000029699a0eae0 flushing  nmethod 0x000002969e416490
Event: 208.480 Thread 0x0000029699a0eae0 flushing  nmethod 0x000002969e436e90
Event: 208.480 Thread 0x0000029699a0eae0 flushing osr nmethod 0x000002969e43ae90
Event: 208.480 Thread 0x0000029699a0eae0 flushing  nmethod 0x000002969e43be10
Event: 208.480 Thread 0x0000029699a0eae0 flushing  nmethod 0x000002969e43d390
Event: 208.480 Thread 0x0000029699a0eae0 flushing  nmethod 0x000002969e485210
Event: 208.480 Thread 0x0000029699a0eae0 flushing  nmethod 0x000002969e4aa610
Event: 208.480 Thread 0x0000029699a0eae0 flushing  nmethod 0x000002969e4bd310
Event: 208.480 Thread 0x0000029699a0eae0 flushing  nmethod 0x000002969e4be090
Event: 208.480 Thread 0x0000029699a0eae0 flushing  nmethod 0x000002969e4be910
Event: 208.480 Thread 0x0000029699a0eae0 flushing osr nmethod 0x000002969e4bfd90
Event: 208.480 Thread 0x0000029699a0eae0 flushing osr nmethod 0x000002969e4c4110
Event: 208.480 Thread 0x0000029699a0eae0 flushing  nmethod 0x000002969e4cc590
Event: 208.480 Thread 0x0000029699a0eae0 flushing  nmethod 0x000002969e4cd010
Event: 208.480 Thread 0x0000029699a0eae0 flushing  nmethod 0x000002969e4cd810
Event: 208.480 Thread 0x0000029699a0eae0 flushing  nmethod 0x000002969e4ce290

Events (20 events):
Event: 106.508 Thread 0x00000296f8bc7fb0 Thread exited: 0x00000296f8bc7fb0
Event: 106.508 Thread 0x00000296f8bc6c00 Thread exited: 0x00000296f8bc6c00
Event: 106.516 Thread 0x00000296f8bc7290 Thread exited: 0x00000296f8bc7290
Event: 106.958 Thread 0x00000296f8ca6050 Thread added: 0x00000296f8bc6c00
Event: 106.958 Thread 0x00000296f8ca6050 Thread added: 0x00000296f8bc4b30
Event: 106.958 Thread 0x00000296f8ca6050 Thread added: 0x00000296f8bc7fb0
Event: 106.958 Thread 0x00000296f8ca6050 Thread added: 0x00000296f8bc8640
Event: 106.959 Thread 0x00000296f8ca6050 Thread added: 0x00000296f8bc7290
Event: 107.167 Thread 0x00000296f8bc4b30 Thread exited: 0x00000296f8bc4b30
Event: 107.168 Thread 0x00000296f8bc8640 Thread exited: 0x00000296f8bc8640
Event: 107.168 Thread 0x00000296f8bc7290 Thread exited: 0x00000296f8bc7290
Event: 107.168 Thread 0x00000296f8bc6c00 Thread exited: 0x00000296f8bc6c00
Event: 107.170 Thread 0x00000296f8bc7fb0 Thread exited: 0x00000296f8bc7fb0
Event: 109.174 Thread 0x00000296f92177e0 Thread exited: 0x00000296f92177e0
Event: 110.208 Thread 0x00000296f11a70a0 Thread added: 0x00000296fb21d910
Event: 112.953 Thread 0x00000296fb21d910 Thread exited: 0x00000296fb21d910
Event: 171.946 Thread 0x00000296f8cac950 Thread exited: 0x00000296f8cac950
Event: 171.946 Thread 0x00000296f7263170 Thread exited: 0x00000296f7263170
Event: 171.948 Thread 0x00000296f8bc16b0 Thread exited: 0x00000296f8bc16b0
Event: 172.905 Thread 0x00000296f7262450 Thread exited: 0x00000296f7262450


Dynamic libraries:
0x00007ff78f1b0000 - 0x00007ff78f1be000 	c:\Users\zxcv3\.vscode\extensions\redhat.java-1.51.0-win32-x64\jre\21.0.9-win32-x86_64\bin\java.exe
0x00007ffa4cee0000 - 0x00007ffa4d147000 	C:\WINDOWS\SYSTEM32\ntdll.dll
0x00007ffa4b780000 - 0x00007ffa4b849000 	C:\WINDOWS\System32\KERNEL32.DLL
0x00007ffa4a3b0000 - 0x00007ffa4a79f000 	C:\WINDOWS\System32\KERNELBASE.dll
0x00007ffa4a860000 - 0x00007ffa4a9ab000 	C:\WINDOWS\System32\ucrtbase.dll
0x00007ffa44b40000 - 0x00007ffa44b58000 	c:\Users\zxcv3\.vscode\extensions\redhat.java-1.51.0-win32-x64\jre\21.0.9-win32-x86_64\bin\jli.dll
0x00007ffa4b1d0000 - 0x00007ffa4b395000 	C:\WINDOWS\System32\USER32.dll
0x00007ffa3f060000 - 0x00007ffa3f07e000 	c:\Users\zxcv3\.vscode\extensions\redhat.java-1.51.0-win32-x64\jre\21.0.9-win32-x86_64\bin\VCRUNTIME140.dll
0x00007ffa4a2d0000 - 0x00007ffa4a2f7000 	C:\WINDOWS\System32\win32u.dll
0x00007ffa4b750000 - 0x00007ffa4b77b000 	C:\WINDOWS\System32\GDI32.dll
0x00007ffa362f0000 - 0x00007ffa36583000 	C:\WINDOWS\WinSxS\amd64_microsoft.windows.common-controls_6595b64144ccf1df_6.0.26100.7309_none_3e05feeae336a044\COMCTL32.dll
0x00007ffa4a1a0000 - 0x00007ffa4a2cc000 	C:\WINDOWS\System32\gdi32full.dll
0x00007ffa4acb0000 - 0x00007ffa4ad59000 	C:\WINDOWS\System32\msvcrt.dll
0x00007ffa4a300000 - 0x00007ffa4a3a3000 	C:\WINDOWS\System32\msvcp_win.dll
0x00007ffa4b570000 - 0x00007ffa4b5a1000 	C:\WINDOWS\System32\IMM32.DLL
0x00007ffa46930000 - 0x00007ffa4693c000 	c:\Users\zxcv3\.vscode\extensions\redhat.java-1.51.0-win32-x64\jre\21.0.9-win32-x86_64\bin\vcruntime140_1.dll
0x00007ffa20770000 - 0x00007ffa207fd000 	c:\Users\zxcv3\.vscode\extensions\redhat.java-1.51.0-win32-x64\jre\21.0.9-win32-x86_64\bin\msvcp140.dll
0x00007ff9e0d60000 - 0x00007ff9e1b00000 	c:\Users\zxcv3\.vscode\extensions\redhat.java-1.51.0-win32-x64\jre\21.0.9-win32-x86_64\bin\server\jvm.dll
0x00007ffa4cde0000 - 0x00007ffa4ce94000 	C:\WINDOWS\System32\ADVAPI32.dll
0x00007ffa4ae90000 - 0x00007ffa4af36000 	C:\WINDOWS\System32\sechost.dll
0x00007ffa4af40000 - 0x00007ffa4b058000 	C:\WINDOWS\System32\RPCRT4.dll
0x00007ffa4b3a0000 - 0x00007ffa4b414000 	C:\WINDOWS\System32\WS2_32.dll
0x00007ffa49de0000 - 0x00007ffa49e3e000 	C:\WINDOWS\SYSTEM32\POWRPROF.dll
0x00007ffa421d0000 - 0x00007ffa42205000 	C:\WINDOWS\SYSTEM32\WINMM.dll
0x00007ffa42210000 - 0x00007ffa4221b000 	C:\WINDOWS\SYSTEM32\VERSION.dll
0x00007ffa49dc0000 - 0x00007ffa49dd4000 	C:\WINDOWS\SYSTEM32\UMPDC.dll
0x00007ffa48dc0000 - 0x00007ffa48ddb000 	C:\WINDOWS\SYSTEM32\kernel.appcore.dll
0x00007ffa44b00000 - 0x00007ffa44b0a000 	c:\Users\zxcv3\.vscode\extensions\redhat.java-1.51.0-win32-x64\jre\21.0.9-win32-x86_64\bin\jimage.dll
0x00007ffa477d0000 - 0x00007ffa47a12000 	C:\WINDOWS\SYSTEM32\DBGHELP.DLL
0x00007ffa4bfb0000 - 0x00007ffa4c335000 	C:\WINDOWS\System32\combase.dll
0x00007ffa4c770000 - 0x00007ffa4c846000 	C:\WINDOWS\System32\OLEAUT32.dll
0x00007ffa2f970000 - 0x00007ffa2f9ac000 	C:\WINDOWS\SYSTEM32\dbgcore.DLL
0x00007ffa4a7b0000 - 0x00007ffa4a855000 	C:\WINDOWS\System32\bcryptPrimitives.dll
0x00007ffa42bf0000 - 0x00007ffa42bff000 	c:\Users\zxcv3\.vscode\extensions\redhat.java-1.51.0-win32-x64\jre\21.0.9-win32-x86_64\bin\instrument.dll
0x00007ffa3e560000 - 0x00007ffa3e580000 	c:\Users\zxcv3\.vscode\extensions\redhat.java-1.51.0-win32-x64\jre\21.0.9-win32-x86_64\bin\java.dll
0x00007ffa4b850000 - 0x00007ffa4bfa3000 	C:\WINDOWS\System32\SHELL32.dll
0x00007ffa4a030000 - 0x00007ffa4a19a000 	C:\WINDOWS\System32\wintypes.dll
0x00007ffa47bf0000 - 0x00007ffa4844e000 	C:\WINDOWS\SYSTEM32\windows.storage.dll
0x00007ffa4c5c0000 - 0x00007ffa4c6b5000 	C:\WINDOWS\System32\SHCORE.dll
0x00007ffa4ad60000 - 0x00007ffa4adc6000 	C:\WINDOWS\System32\shlwapi.dll
0x00007ffa49f50000 - 0x00007ffa49f79000 	C:\WINDOWS\SYSTEM32\profapi.dll
0x00007ffa3bcb0000 - 0x00007ffa3bcc8000 	c:\Users\zxcv3\.vscode\extensions\redhat.java-1.51.0-win32-x64\jre\21.0.9-win32-x86_64\bin\zip.dll
0x00007ffa42bc0000 - 0x00007ffa42bd0000 	C:\Users\zxcv3\.vscode\extensions\redhat.java-1.51.0-win32-x64\jre\21.0.9-win32-x86_64\bin\net.dll
0x00007ffa3fc90000 - 0x00007ffa3fdb8000 	C:\WINDOWS\SYSTEM32\WINHTTP.dll
0x00007ffa49350000 - 0x00007ffa493bb000 	C:\WINDOWS\system32\mswsock.dll
0x00007ffa3e540000 - 0x00007ffa3e556000 	C:\Users\zxcv3\.vscode\extensions\redhat.java-1.51.0-win32-x64\jre\21.0.9-win32-x86_64\bin\nio.dll
0x00007ffa3f940000 - 0x00007ffa3f950000 	c:\Users\zxcv3\.vscode\extensions\redhat.java-1.51.0-win32-x64\jre\21.0.9-win32-x86_64\bin\verify.dll
0x00007ffa390f0000 - 0x00007ffa39134000 	C:\Users\zxcv3\AppData\Roaming\Code\User\globalStorage\redhat.java\1.51.0\config_win\org.eclipse.equinox.launcher\org.eclipse.equinox.launcher.win32.win32.x86_64_1.2.1400.v20250801-0854\eclipse_11916.dll
0x00007ffa4b5b0000 - 0x00007ffa4b747000 	C:\WINDOWS\System32\ole32.dll
0x00007ffa49610000 - 0x00007ffa4962b000 	C:\WINDOWS\SYSTEM32\CRYPTSP.dll
0x00007ffa48d20000 - 0x00007ffa48d5a000 	C:\WINDOWS\system32\rsaenh.dll
0x00007ffa49400000 - 0x00007ffa4942b000 	C:\WINDOWS\SYSTEM32\USERENV.dll
0x00007ffa49f20000 - 0x00007ffa49f4a000 	C:\WINDOWS\SYSTEM32\bcrypt.dll
0x00007ffa49630000 - 0x00007ffa4963c000 	C:\WINDOWS\SYSTEM32\CRYPTBASE.dll
0x00007ffa487a0000 - 0x00007ffa487d4000 	C:\WINDOWS\SYSTEM32\IPHLPAPI.DLL
0x00007ffa4c520000 - 0x00007ffa4c52a000 	C:\WINDOWS\System32\NSI.dll
0x00007ffa390a0000 - 0x00007ffa390e9000 	C:\Users\zxcv3\AppData\Local\Temp\jna-116343330\jna3876837842995084291.dll
0x00007ffa4c530000 - 0x00007ffa4c538000 	C:\WINDOWS\System32\PSAPI.DLL
0x00007ffa425f0000 - 0x00007ffa4260e000 	C:\WINDOWS\SYSTEM32\dhcpcsvc6.DLL
0x00007ffa425a0000 - 0x00007ffa425c3000 	C:\WINDOWS\SYSTEM32\dhcpcsvc.DLL
0x00007ffa48f00000 - 0x00007ffa48f36000 	C:\WINDOWS\SYSTEM32\ntmarta.dll

JVMTI agents:
c:\Users\zxcv3\.vscode\extensions\redhat.java-1.51.0-win32-x64\lombok\lombok-1.18.39-4050.jar path:c:\Users\zxcv3\.vscode\extensions\redhat.java-1.51.0-win32-x64\jre\21.0.9-win32-x86_64\bin\instrument.dll, loaded, initialized, instrumentlib options:none

dbghelp: loaded successfully - version: 4.0.5 - missing functions: none
symbol engine: initialized successfully - sym options: 0x614 - pdb path: .;c:\Users\zxcv3\.vscode\extensions\redhat.java-1.51.0-win32-x64\jre\21.0.9-win32-x86_64\bin;C:\WINDOWS\SYSTEM32;C:\WINDOWS\WinSxS\amd64_microsoft.windows.common-controls_6595b64144ccf1df_6.0.26100.7309_none_3e05feeae336a044;c:\Users\zxcv3\.vscode\extensions\redhat.java-1.51.0-win32-x64\jre\21.0.9-win32-x86_64\bin\server;C:\Users\zxcv3\AppData\Roaming\Code\User\globalStorage\redhat.java\1.51.0\config_win\org.eclipse.equinox.launcher\org.eclipse.equinox.launcher.win32.win32.x86_64_1.2.1400.v20250801-0854;C:\Users\zxcv3\AppData\Local\Temp\jna-116343330

VM Arguments:
jvm_args: --add-modules=ALL-SYSTEM --add-opens=java.base/java.util=ALL-UNNAMED --add-opens=java.base/java.lang=ALL-UNNAMED --add-opens=java.base/sun.nio.fs=ALL-UNNAMED -Declipse.application=org.eclipse.jdt.ls.core.id1 -Dosgi.bundles.defaultStartLevel=4 -Declipse.product=org.eclipse.jdt.ls.core.product -Djava.import.generatesMetadataFilesAtProjectRoot=false -DDetectVMInstallationsJob.disabled=true -Dfile.encoding=utf8 -XX:+UseParallelGC -XX:GCTimeRatio=4 -XX:AdaptiveSizePolicyWeight=90 -Dsun.zip.disableMemoryMapping=true -Xmx2G -Xms100m -Xlog:disable -javaagent:c:\Users\zxcv3\.vscode\extensions\redhat.java-1.51.0-win32-x64\lombok\lombok-1.18.39-4050.jar -XX:+HeapDumpOnOutOfMemoryError -XX:HeapDumpPath=c:\Users\zxcv3\AppData\Roaming\Code\User\workspaceStorage\a99c003feeceb79ed373e5a18fdd18cf\redhat.java -Daether.dependencyCollector.impl=bf 
java_command: c:\Users\zxcv3\.vscode\extensions\redhat.java-1.51.0-win32-x64\server\plugins\org.eclipse.equinox.launcher_1.7.100.v20251111-0406.jar -configuration c:\Users\zxcv3\AppData\Roaming\Code\User\globalStorage\redhat.java\1.51.0\config_win -data c:\Users\zxcv3\AppData\Roaming\Code\User\workspaceStorage\a99c003feeceb79ed373e5a18fdd18cf\redhat.java\jdt_ws --pipe=\\.\pipe\lsp-d415c243a2ff43fa2499494d8665a66b-sock
java_class_path (initial): c:\Users\zxcv3\.vscode\extensions\redhat.java-1.51.0-win32-x64\server\plugins\org.eclipse.equinox.launcher_1.7.100.v20251111-0406.jar
Launcher Type: SUN_STANDARD

[Global flags]
    uintx AdaptiveSizePolicyWeight                 = 90                                        {product} {command line}
     intx CICompilerCount                          = 3                                         {product} {ergonomic}
    uintx GCTimeRatio                              = 4                                         {product} {command line}
     bool HeapDumpOnOutOfMemoryError               = true                                   {manageable} {command line}
    ccstr HeapDumpPath                             = c:\Users\zxcv3\AppData\Roaming\Code\User\workspaceStorage\a99c003feeceb79ed373e5a18fdd18cf\redhat.java         {manageable} {command line}
   size_t InitialHeapSize                          = 104857600                                 {product} {command line}
   size_t MaxHeapSize                              = 2147483648                                {product} {command line}
   size_t MaxNewSize                               = 715653120                                 {product} {ergonomic}
   size_t MinHeapDeltaBytes                        = 524288                                    {product} {ergonomic}
   size_t MinHeapSize                              = 104857600                                 {product} {command line}
   size_t NewSize                                  = 34603008                                  {product} {ergonomic}
    uintx NonNMethodCodeHeapSize                   = 5832780                                {pd product} {ergonomic}
    uintx NonProfiledCodeHeapSize                  = 122912730                              {pd product} {ergonomic}
   size_t OldSize                                  = 70254592                                  {product} {ergonomic}
    uintx ProfiledCodeHeapSize                     = 122912730                              {pd product} {ergonomic}
    uintx ReservedCodeCacheSize                    = 251658240                              {pd product} {ergonomic}
     bool SegmentedCodeCache                       = true                                      {product} {ergonomic}
   size_t SoftMaxHeapSize                          = 2147483648                             {manageable} {ergonomic}
     bool UseCompressedOops                        = true                           {product lp64_product} {ergonomic}
     bool UseLargePagesIndividualAllocation        = false                                  {pd product} {ergonomic}
     bool UseParallelGC                            = true                                      {product} {command line}

Logging:
Log output configuration:
 #0: stdout all=off uptime,level,tags foldmultilines=false
 #1: stderr all=off uptime,level,tags foldmultilines=false

Release file:
JAVA_VERSION="21.0.9" 
MODULES="java.base java.compiler java.datatransfer java.xml java.prefs java.desktop java.instrument java.logging java.management java.security.sasl java.naming java.rmi java.management.rmi java.net.http java.scripting java.security.jgss java.transaction.xa java.sql java.sql.rowset java.xml.crypto java.se java.smartcardio jdk.accessibility jdk.internal.jvmstat jdk.attach jdk.charsets jdk.internal.opt jdk.zipfs jdk.compiler jdk.crypto.ec jdk.crypto.cryptoki jdk.crypto.mscapi jdk.dynalink jdk.internal.ed jdk.editpad jdk.hotspot.agent jdk.httpserver jdk.internal.le jdk.internal.vm.ci jdk.internal.vm.compiler jdk.internal.vm.compiler.management jdk.jartool jdk.javadoc jdk.jcmd jdk.management jdk.management.agent jdk.jconsole jdk.jdeps jdk.jdwp.agent jdk.jdi jdk.jfr jdk.jshell jdk.jsobject jdk.jstatd jdk.localedata jdk.management.jfr jdk.naming.dns jdk.naming.rmi jdk.net jdk.nio.mapmode jdk.random jdk.sctp jdk.security.auth jdk.security.jgss jdk.unsupported jdk.unsupported.desktop jdk.xml.dom" 

Environment Variables:
PATH=C:\Program Files (x86)\VMware\VMware Workstation\bin\;C:\Program Files\Common Files\Oracle\Java\javapath;C:\Program Files (x86)\Common Files\Oracle\Java\java8path;C:\Program Files (x86)\Common Files\Oracle\Java\javapath;C:\Windows\system32;C:\Windows;C:\Windows\System32\Wbem;C:\Windows\System32\WindowsPowerShell\v1.0\;C:\Windows\System32\OpenSSH\;C:\Program Files (x86)\NVIDIA Corporation\PhysX\Common;C:\WINDOWS\system32;C:\WINDOWS;C:\WINDOWS\System32\Wbem;C:\WINDOWS\System32\WindowsPowerShell\v1.0\;C:\WINDOWS\System32\OpenSSH\;C:\Program Files (x86)\Microsoft SQL Server\160\Tools\Binn\;C:\Program Files\Microsoft SQL Server\160\Tools\Binn\;C:\Program Files\Microsoft SQL Server\Client SDK\ODBC\170\Tools\Binn\;C:\Program Files\Microsoft SQL Server\160\DTS\Binn\;C:\Program Files (x86)\Microsoft SQL Server\160\DTS\Binn\;C:\Program Files\Cloudflare\Cloudflare WARP\;C:\Program Files (x86)\Windows Kits\10\Windows Performance Toolkit\;C:\Program Files\Git\cmd;C:\Program Files\Java\jdk-17\bin;C:\Program Files\MongoDB\Tools\100\bin;C:\Program Files\Docker\Docker\resources\bin;C:\Program Files\Go\bin;D:\IT\ATTT\gitleaks_8.30.0_windows_x64;C:\Users\zxcv3\Downloads\sonar-scanner-8.0.1.6346-windows-x64\bin;C:\Users\zxcv3\AppData\Local\Microsoft\WindowsApps;C:\Users\zxcv3\AppData\Local\Programs\Microsoft VS Code\bin;C:\Users\zxcv3\AppData\Local\Programs\mongosh\;C:\Users\zxcv3\AppData\Local\GitHubDesktop\bin;C:\Users\zxcv3\go\bin
USERNAME=zxcv3
OS=Windows_NT
PROCESSOR_IDENTIFIER=AMD64 Family 23 Model 96 Stepping 1, AuthenticAMD
TMP=C:\Users\zxcv3\AppData\Local\Temp
TEMP=C:\Users\zxcv3\AppData\Local\Temp




Periodic native trim disabled

---------------  S Y S T E M  ---------------

OS:
 Windows 11 , 64 bit Build 26100 (10.0.26100.7309)
OS uptime: 24 days 21:42 hours
Hyper-V role detected

CPU: total 6 (initial active 6) (6 cores per cpu, 1 threads per core) family 23 model 96 stepping 1 microcode 0x8600106, cx8, cmov, fxsr, mmx, 3dnowpref, sse, sse2, sse3, ssse3, sse4a, sse4.1, sse4.2, popcnt, lzcnt, tsc, tscinvbit, avx, avx2, aes, clmul, bmi1, bmi2, adx, sha, fma, vzeroupper, clflush, clflushopt, hv, rdtscp, rdpid, f16c
Processor Information for the first 6 processors :
  Max Mhz: 2375, Current Mhz: 2375, Mhz Limit: 2375

Memory: 4k page, system-wide physical 7600M (288M free)
TotalPageFile size 31152M (AvailPageFile size 56M)
current process WorkingSet (physical memory assigned to process): 326M, peak: 493M
current process commit charge ("private bytes"): 635M, peak: 1634M

vm_info: OpenJDK 64-Bit Server VM (21.0.9+10-LTS) for windows-amd64 JRE (21.0.9+10-LTS), built on 2025-10-21T00:00:00Z by "admin" with unknown MS VC++:1942

END.
